<?xml version="1.0" encoding="UTF-8"?>
<!-- Generated by org.testng.reporters.JUnitReportReporter -->
<testsuite hostname="LAPTOP-JJSQ7MEP" failures="0" tests="1" name="testExecution.TestngClass2" time="20.272" errors="0" timestamp="2023-04-01T11:59:41 IST" skipped="0">
  <testcase classname="testExecution.TestngClass2" name="search2" time="20.272"/>
  <system-out/>
</testsuite> <!-- testExecution.TestngClass2 -->
