<?xml version="1.0" encoding="UTF-8"?>
<!-- Generated by org.testng.reporters.JUnitReportReporter -->
<testsuite hostname="LAPTOP-JJSQ7MEP" failures="0" tests="3" name="testNGpack.Demo" time="0.030" errors="0" timestamp="2023-03-26T11:54:40 IST" skipped="0">
  <testcase classname="testNGpack.Demo" name="f" time="0.021"/>
  <system-out>
    <![CDATA[sunday!!!]]>
  </system-out>
  <testcase classname="testNGpack.Demo" name="m5" time="0.004"/>
  <system-out>
    <![CDATA[sunday11!]]>
  </system-out>
  <testcase classname="testNGpack.Demo" name="m" time="0.005"/>
  <system-out>
    <![CDATA[sunday!!]]>
  </system-out>
</testsuite> <!-- testNGpack.Demo -->
