<?xml version="1.0" encoding="UTF-8"?>
<!-- Generated by org.testng.reporters.JUnitReportReporter -->
<testsuite hostname="LAPTOP-JJSQ7MEP" failures="0" tests="3" name="testNGpack.Demo2" time="0.023" errors="0" timestamp="2023-03-26T11:54:40 IST" skipped="0">
  <testcase classname="testNGpack.Demo2" name="f" time="0.013"/>
  <system-out>
    <![CDATA[tuesdy is godday]]>
  </system-out>
  <testcase classname="testNGpack.Demo2" name="m1" time="0.006"/>
  <system-out>
    <![CDATA[method name id test]]>
  </system-out>
  <testcase classname="testNGpack.Demo2" name="m2" time="0.004"/>
  <system-out>
    <![CDATA[method name is m3]]>
  </system-out>
</testsuite> <!-- testNGpack.Demo2 -->
