<?xml version="1.0" encoding="UTF-8"?>
<!-- Generated by org.testng.reporters.JUnitReportReporter -->
<testsuite hostname="LAPTOP-JJSQ7MEP" failures="0" tests="2" name="testExecution.MethodsExe" time="0.022" errors="0" timestamp="2023-04-01T11:55:00 IST" skipped="0">
  <testcase classname="testExecution.MethodsExe" name="method1" time="0.018"/>
  <system-out>
    <![CDATA[1 is the threadid
Method1]]>
  </system-out>
  <testcase classname="testExecution.MethodsExe" name="method2" time="0.004"/>
  <system-out>
    <![CDATA[1 is the threadid
Method2]]>
  </system-out>
</testsuite> <!-- testExecution.MethodsExe -->
