<?xml version="1.0" encoding="UTF-8"?>
<!-- Generated by org.testng.reporters.JUnitReportReporter -->
<testsuite hostname="LAPTOP-JJSQ7MEP" failures="0" tests="3" name="testNGAunotesions.TestAnnotattions" time="0.031" errors="0" timestamp="2023-03-27T19:30:56 IST" skipped="0">
  <testcase classname="testNGAunotesions.TestAnnotattions" name="h" time="0.010"/>
  <system-out>
    <![CDATA[Test Case2]]>
  </system-out>
  <testcase classname="testNGAunotesions.TestAnnotattions" name="f" time="0.013"/>
  <system-out>
    <![CDATA[Test Case1]]>
  </system-out>
  <testcase classname="testNGAunotesions.TestAnnotattions" name="g" time="0.008"/>
  <system-out>
    <![CDATA[Test Case3]]>
  </system-out>
</testsuite> <!-- testNGAunotesions.TestAnnotattions -->
