<?xml version="1.0" encoding="UTF-8"?>
<!-- Generated by org.testng.reporters.JUnitReportReporter -->
<testsuite hostname="LAPTOP-JJSQ7MEP" failures="0" tests="3" name="testNGpack.Demo1" time="0.017" errors="0" timestamp="2023-03-26T11:54:40 IST" skipped="0">
  <testcase classname="testNGpack.Demo1" name="f" time="0.011"/>
  <system-out>
    <![CDATA[Monday is Mock]]>
  </system-out>
  <testcase classname="testNGpack.Demo1" name="f2" time="0.002"/>
  <system-out>
    <![CDATA[Monday is Mock2]]>
  </system-out>
  <testcase classname="testNGpack.Demo1" name="f1" time="0.004"/>
  <system-out>
    <![CDATA[Monday is Mock1]]>
  </system-out>
</testsuite> <!-- testNGpack.Demo1 -->
