<?xml version="1.0" encoding="UTF-8"?>
<!-- Generated by org.testng.reporters.JUnitReportReporter -->
<testsuite hostname="LAPTOP-JJSQ7MEP" failures="0" tests="1" name="testExecution.TestngClass3" time="26.881" errors="0" timestamp="2023-04-01T12:01:26 IST" skipped="0">
  <testcase classname="testExecution.TestngClass3" name="serach3" time="26.881"/>
  <system-out/>
</testsuite> <!-- testExecution.TestngClass3 -->
