<?xml version="1.0" encoding="UTF-8"?>
<!-- Generated by org.testng.reporters.JUnitReportReporter -->
<testsuite hostname="LAPTOP-JJSQ7MEP" failures="0" tests="2" name="testNGFlag.testNGFlag6" time="0.024" errors="0" timestamp="2023-03-31T20:08:50 IST" skipped="1">
  <testcase classname="testNGFlag.testNGFlag6" name="login" time="0.024"/>
  <system-out>
    <![CDATA[login method]]>
  </system-out>
  <testcase classname="testNGFlag.testNGFlag6" name="logout">
    <skipped/>
  </testcase> <!-- logout -->
  <system-out/>
</testsuite> <!-- testNGFlag.testNGFlag6 -->
