<?xml version="1.0" encoding="UTF-8"?>
<!-- Generated by org.testng.reporters.JUnitReportReporter -->
<testsuite hostname="LAPTOP-JJSQ7MEP" failures="0" tests="18" name="testNGFlag.GroupExecution" time="0.095" errors="0" timestamp="2023-04-01T10:09:30 IST" skipped="0">
  <testcase classname="testNGFlag.GroupExecution" name="it1" time="0.003"/>
  <system-out>
    <![CDATA[ITC1 is executed!!]]>
  </system-out>
  <testcase classname="testNGFlag.GroupExecution" name="it3" time="0.002"/>
  <system-out>
    <![CDATA[ITC3 is executed!!]]>
  </system-out>
  <testcase classname="testNGFlag.GroupExecution" name="ft5" time="0.008"/>
  <system-out>
    <![CDATA[FTC5 is executed!!]]>
  </system-out>
  <testcase classname="testNGFlag.GroupExecution" name="st5" time="0.004"/>
  <system-out>
    <![CDATA[STC5 is executed!!]]>
  </system-out>
  <testcase classname="testNGFlag.GroupExecution" name="it2" time="0.005"/>
  <system-out>
    <![CDATA[ITC2 is executed!!]]>
  </system-out>
  <testcase classname="testNGFlag.GroupExecution" name="it6" time="0.004"/>
  <system-out>
    <![CDATA[ITC6 is executed!!]]>
  </system-out>
  <testcase classname="testNGFlag.GroupExecution" name="ft2" time="0.006"/>
  <system-out>
    <![CDATA[FTC2 is executed!!]]>
  </system-out>
  <testcase classname="testNGFlag.GroupExecution" name="it5" time="0.002"/>
  <system-out>
    <![CDATA[ITC5 is executed!!]]>
  </system-out>
  <testcase classname="testNGFlag.GroupExecution" name="ft1" time="0.021"/>
  <system-out>
    <![CDATA[FTC1 is executed!!]]>
  </system-out>
  <testcase classname="testNGFlag.GroupExecution" name="ft6" time="0.009"/>
  <system-out>
    <![CDATA[FTC6 is executed!!]]>
  </system-out>
  <testcase classname="testNGFlag.GroupExecution" name="st1" time="0.002"/>
  <system-out>
    <![CDATA[STC1 is executed!!]]>
  </system-out>
  <testcase classname="testNGFlag.GroupExecution" name="ft4" time="0.007"/>
  <system-out>
    <![CDATA[FTC4 is executed!!]]>
  </system-out>
  <testcase classname="testNGFlag.GroupExecution" name="st3" time="0.003"/>
  <system-out>
    <![CDATA[STC3 is executed!!]]>
  </system-out>
  <testcase classname="testNGFlag.GroupExecution" name="st2" time="0.003"/>
  <system-out>
    <![CDATA[STC2 is executed!!]]>
  </system-out>
  <testcase classname="testNGFlag.GroupExecution" name="st6" time="0.001"/>
  <system-out>
    <![CDATA[STC6 is executed!!]]>
  </system-out>
  <testcase classname="testNGFlag.GroupExecution" name="it4" time="0.009"/>
  <system-out>
    <![CDATA[ITC4 is executed!!]]>
  </system-out>
  <testcase classname="testNGFlag.GroupExecution" name="ft3" time="0.004"/>
  <system-out>
    <![CDATA[FTC3 is executed!!]]>
  </system-out>
  <testcase classname="testNGFlag.GroupExecution" name="st4" time="0.002"/>
  <system-out>
    <![CDATA[STC4 is executed!!]]>
  </system-out>
</testsuite> <!-- testNGFlag.GroupExecution -->
