<?xml version="1.0" encoding="UTF-8"?>
<!-- Generated by org.testng.reporters.JUnitReportReporter -->
<testsuite hostname="LAPTOP-JJSQ7MEP" failures="0" tests="1" name="testExecution.TestngClass1" time="47.724" errors="0" timestamp="2023-04-01T11:57:23 IST" skipped="0">
  <testcase classname="testExecution.TestngClass1" name="serach1" time="47.724"/>
  <system-out/>
</testsuite> <!-- testExecution.TestngClass1 -->
